<?xml version="1.0" encoding="UTF-8"?>
<!-- Generated by org.testng.reporters.JUnitReportReporter -->
<testsuite hostname="Rakesh-Lap" name="com.seleniumeasy.api.testscripts.DeleteBooking" tests="2" failures="0" timestamp="25 Jan 2021 09:18:33 GMT" time="2.426" errors="0">
  <testcase name="deleteBookingTestNegative" time="1.193" classname="com.seleniumeasy.api.testscripts.DeleteBooking"/>
  <testcase name="deleteBookingTest" time="1.233" classname="com.seleniumeasy.api.testscripts.DeleteBooking"/>
</testsuite> <!-- com.seleniumeasy.api.testscripts.DeleteBooking -->
