<?xml version="1.0" encoding="UTF-8"?>
<!-- Generated by org.testng.reporters.JUnitReportReporter -->
<testsuite hostname="Rakesh-Lap" name="com.seleniumeasy.ui.testscripts.JQueryDatePickerTest" tests="1" failures="0" timestamp="25 Jan 2021 13:21:15 GMT" time="34.622" errors="0">
  <testcase name="selectDates" time="34.622" classname="com.seleniumeasy.ui.testscripts.JQueryDatePickerTest"/>
</testsuite> <!-- com.seleniumeasy.ui.testscripts.JQueryDatePickerTest -->
