<?xml version="1.0" encoding="UTF-8"?>
<!-- Generated by org.testng.reporters.JUnitReportReporter -->
<testsuite hostname="Rakesh-Lap" name="com.seleniumeasy.api.testscripts.CreateBooking" tests="2" failures="0" timestamp="24 Jan 2021 16:33:00 GMT" time="2.890" errors="0">
  <testcase name="createBookingTestNegative" time="1.014" classname="com.seleniumeasy.api.testscripts.CreateBooking"/>
  <testcase name="createBookingTest" time="1.876" classname="com.seleniumeasy.api.testscripts.CreateBooking"/>
</testsuite> <!-- com.seleniumeasy.api.testscripts.CreateBooking -->
