<?xml version="1.0" encoding="UTF-8"?>
<!-- Generated by org.testng.reporters.JUnitReportReporter -->
<testsuite hostname="Rakesh-Lap" name="com.seleniumeasy.api.testscripts.UpdateBooking" tests="2" failures="0" timestamp="25 Jan 2021 09:18:33 GMT" time="4.114" errors="0">
  <testcase name="updateBookingTest" time="2.939" classname="com.seleniumeasy.api.testscripts.UpdateBooking"/>
  <testcase name="updateBookingTestNegative" time="1.175" classname="com.seleniumeasy.api.testscripts.UpdateBooking"/>
</testsuite> <!-- com.seleniumeasy.api.testscripts.UpdateBooking -->
