<?xml version="1.0" encoding="UTF-8"?>
<!-- Generated by org.testng.reporters.JUnitReportReporter -->
<testsuite hostname="Rakesh-Lap" name="com.seleniumeasy.ui.testscripts.ProgressBarsTest" tests="1" failures="0" timestamp="24 Jan 2021 16:33:00 GMT" time="33.967" errors="0">
  <testcase name="progressBars" time="33.967" classname="com.seleniumeasy.ui.testscripts.ProgressBarsTest"/>
</testsuite> <!-- com.seleniumeasy.ui.testscripts.ProgressBarsTest -->
