<?xml version="1.0" encoding="UTF-8"?>
<!-- Generated by org.testng.reporters.JUnitReportReporter -->
<testsuite hostname="Rakesh-Lap" name="com.seleniumeasy.api.testscripts.GetBooking" tests="2" failures="0" timestamp="25 Jan 2021 13:21:15 GMT" time="20.295" errors="0">
  <testcase name="getBookingTestNegative" time="1.172" classname="com.seleniumeasy.api.testscripts.GetBooking"/>
  <testcase name="getBookingTest" time="19.123" classname="com.seleniumeasy.api.testscripts.GetBooking"/>
</testsuite> <!-- com.seleniumeasy.api.testscripts.GetBooking -->
