<?xml version="1.0" encoding="UTF-8"?>
<!-- Generated by org.testng.reporters.JUnitReportReporter -->
<testsuite hostname="Rakesh-Lap" name="com.seleniumeasy.api.testscripts.CreateBooking" tests="2" failures="0" timestamp="25 Jan 2021 09:18:33 GMT" time="47.266" errors="0">
  <testcase name="createBookingTestNegative" time="9.127" classname="com.seleniumeasy.api.testscripts.CreateBooking"/>
  <testcase name="createBookingTest" time="38.139" classname="com.seleniumeasy.api.testscripts.CreateBooking"/>
</testsuite> <!-- com.seleniumeasy.api.testscripts.CreateBooking -->
