<?xml version="1.0" encoding="UTF-8"?>
<!-- Generated by org.testng.reporters.JUnitReportReporter -->
<testsuite hostname="Rakesh-Lap" name="com.seleniumeasy.api.testscripts.CreateBooking" tests="2" failures="0" timestamp="25 Jan 2021 13:21:15 GMT" time="5.603" errors="0">
  <testcase name="createBookingTestNegative" time="3.710" classname="com.seleniumeasy.api.testscripts.CreateBooking"/>
  <testcase name="createBookingTest" time="1.893" classname="com.seleniumeasy.api.testscripts.CreateBooking"/>
</testsuite> <!-- com.seleniumeasy.api.testscripts.CreateBooking -->
