<?xml version="1.0" encoding="UTF-8"?>
<!-- Generated by org.testng.reporters.JUnitReportReporter -->
<testsuite hostname="Rakesh-Lap" name="com.seleniumeasy.ui.testscripts.JQueryDatePickerTest" tests="1" failures="0" timestamp="25 Jan 2021 12:07:09 GMT" time="50.179" errors="0">
  <testcase name="selectDates" time="50.179" classname="com.seleniumeasy.ui.testscripts.JQueryDatePickerTest"/>
</testsuite> <!-- com.seleniumeasy.ui.testscripts.JQueryDatePickerTest -->
