<?xml version="1.0" encoding="UTF-8"?>
<!-- Generated by org.testng.reporters.JUnitReportReporter -->
<testsuite hostname="Rakesh-Lap" name="com.seleniumeasy.ui.testscripts.TestOne" tests="1" failures="0" timestamp="24 Jan 2021 08:41:04 GMT" time="11.237" errors="0">
  <testcase name="useCaseOne" time="11.237" classname="com.seleniumeasy.ui.testscripts.TestOne"/>
</testsuite> <!-- com.seleniumeasy.ui.testscripts.TestOne -->
