<?xml version="1.0" encoding="UTF-8"?>
<!-- Generated by org.testng.reporters.JUnitReportReporter -->
<testsuite hostname="Rakesh-Lap" name="com.seleniumeasy.ui.testscripts.SliderBarsTest" tests="1" failures="0" timestamp="24 Jan 2021 16:33:00 GMT" time="23.133" errors="0">
  <testcase name="setSlidersToFifty" time="23.133" classname="com.seleniumeasy.ui.testscripts.SliderBarsTest"/>
</testsuite> <!-- com.seleniumeasy.ui.testscripts.SliderBarsTest -->
