<?xml version="1.0" encoding="UTF-8"?>
<!-- Generated by org.testng.reporters.JUnitReportReporter -->
<testsuite hostname="Rakesh-Lap" name="com.seleniumeasy.api.testscripts.UpdateBooking" tests="2" failures="0" timestamp="25 Jan 2021 13:21:15 GMT" time="2.119" errors="0">
  <testcase name="updateBookingTest" time="1.140" classname="com.seleniumeasy.api.testscripts.UpdateBooking"/>
  <testcase name="updateBookingTestNegative" time="0.979" classname="com.seleniumeasy.api.testscripts.UpdateBooking"/>
</testsuite> <!-- com.seleniumeasy.api.testscripts.UpdateBooking -->
