<?xml version="1.0" encoding="UTF-8"?>
<!-- Generated by org.testng.reporters.JUnitReportReporter -->
<testsuite hostname="Rakesh-Lap" name="com.seleniumeasy.api.testscripts.GetBooking" tests="2" failures="0" timestamp="24 Jan 2021 16:33:00 GMT" time="2.073" errors="0">
  <testcase name="getBookingTest" time="1.038" classname="com.seleniumeasy.api.testscripts.GetBooking"/>
  <testcase name="getBookingTestNegative" time="1.035" classname="com.seleniumeasy.api.testscripts.GetBooking"/>
</testsuite> <!-- com.seleniumeasy.api.testscripts.GetBooking -->
