<?xml version="1.0" encoding="UTF-8"?>
<!-- Generated by org.testng.reporters.JUnitReportReporter -->
<testsuite hostname="Rakesh-Lap" name="com.seleniumeasy.ui.testscripts.ProgressBarsTest" tests="1" failures="0" timestamp="25 Jan 2021 09:18:33 GMT" time="41.491" errors="0">
  <testcase name="progressBars" time="41.491" classname="com.seleniumeasy.ui.testscripts.ProgressBarsTest"/>
</testsuite> <!-- com.seleniumeasy.ui.testscripts.ProgressBarsTest -->
