<?xml version="1.0" encoding="UTF-8"?>
<!-- Generated by org.testng.reporters.JUnitReportReporter -->
<testsuite hostname="Rakesh-Lap" name="com.seleniumeasy.ui.testscripts.AjaxFormSubmitTest" tests="1" failures="0" timestamp="25 Jan 2021 11:34:13 GMT" time="28.892" errors="0">
  <testcase name="ajaxFormSubmit" time="28.892" classname="com.seleniumeasy.ui.testscripts.AjaxFormSubmitTest"/>
</testsuite> <!-- com.seleniumeasy.ui.testscripts.AjaxFormSubmitTest -->
