<?xml version="1.0" encoding="UTF-8"?>
<!-- Generated by org.testng.reporters.JUnitReportReporter -->
<testsuite hostname="Rakesh-Lap" name="com.seleniumeasy.api.testscripts.DeleteBooking" tests="2" failures="0" timestamp="25 Jan 2021 13:21:15 GMT" time="2.834" errors="0">
  <testcase name="deleteBookingTestNegative" time="1.309" classname="com.seleniumeasy.api.testscripts.DeleteBooking"/>
  <testcase name="deleteBookingTest" time="1.525" classname="com.seleniumeasy.api.testscripts.DeleteBooking"/>
</testsuite> <!-- com.seleniumeasy.api.testscripts.DeleteBooking -->
