<?xml version="1.0" encoding="UTF-8"?>
<!-- Generated by org.testng.reporters.JUnitReportReporter -->
<testsuite hostname="Rakesh-Lap" name="com.seleniumeasy.ui.testscripts.SliderBarsTest" tests="1" failures="0" timestamp="25 Jan 2021 13:21:15 GMT" time="18.026" errors="0">
  <testcase name="setSlidersToFifty" time="18.026" classname="com.seleniumeasy.ui.testscripts.SliderBarsTest"/>
</testsuite> <!-- com.seleniumeasy.ui.testscripts.SliderBarsTest -->
