<?xml version="1.0" encoding="UTF-8"?>
<!-- Generated by org.testng.reporters.JUnitReportReporter -->
<testsuite hostname="Rakesh-Lap" name="com.seleniumeasy.api.testscripts.GetBooking" tests="2" failures="0" timestamp="25 Jan 2021 09:18:33 GMT" time="9.477" errors="0">
  <testcase name="getBookingTest" time="7.382" classname="com.seleniumeasy.api.testscripts.GetBooking"/>
  <testcase name="getBookingTestNegative" time="2.095" classname="com.seleniumeasy.api.testscripts.GetBooking"/>
</testsuite> <!-- com.seleniumeasy.api.testscripts.GetBooking -->
